<?xml version="1.0" encoding="UTF-8"?>
<testng-results ignored="0" total="1" passed="1" failed="0" skipped="0">
  <reporter-output>
  </reporter-output>
  <suite started-at="2023-03-02T08:49:08 CET" name="Surefire suite" finished-at="2023-03-02T08:49:16 CET" duration-ms="7902">
    <groups>
    </groups>
    <test started-at="2023-03-02T08:49:08 CET" name="Surefire test" finished-at="2023-03-02T08:49:16 CET" duration-ms="7902">
      <class name="com.informex.app.basic.BasicTests">
        <test-method signature="loginTest()[pri:0, instance:com.informex.app.basic.BasicTests@865dd6]" started-at="2023-03-02T08:49:08 CET" name="loginTest" finished-at="2023-03-02T08:49:16 CET" duration-ms="7881" status="PASS">
          <reporter-output>
          </reporter-output>
        </test-method> <!-- loginTest -->
      </class> <!-- com.informex.app.basic.BasicTests -->
    </test> <!-- Surefire test -->
  </suite> <!-- Surefire suite -->
</testng-results>
